<?xml version="1.0" encoding="UTF-8"?>
<!-- Generated by org.testng.reporters.JUnitReportReporter -->
<testsuite hostname="IN3AREW0G02KWDR" failures="0" tests="1" name="Soundbar.SoundbarProductsAndPrice" time="10.509" errors="0" timestamp="2024-09-13T19:41:09 IST" skipped="0">
  <testcase classname="Soundbar.SoundbarProductsAndPrice" name="SoundbarPrices" time="10.509"/>
  <system-out/>
</testsuite> <!-- Soundbar.SoundbarProductsAndPrice -->
